<?xml version="1.0" encoding="UTF-8"?>
<!-- Generated by org.testng.reporters.JUnitReportReporter -->
<testsuite hostname="jim-PC" name="com.dropbox.CompleteTest" tests="4" failures="0" timestamp="18 Apr 2016 09:15:46 GMT" time="24.656" errors="0">
  <testcase name="mainShowHideDeleted" time="5.346" classname="com.dropbox.CompleteTest"/>
  <testcase name="mainFolderDeletion" time="2.589" classname="com.dropbox.CompleteTest"/>
  <testcase name="mainFolderCreation" time="5.206" classname="com.dropbox.CompleteTest"/>
  <testcase name="mainUpload" time="11.515" classname="com.dropbox.CompleteTest"/>
</testsuite> <!-- com.dropbox.CompleteTest -->
