<?xml version="1.0" encoding="UTF-8"?>
<!-- Generated by org.testng.reporters.JUnitReportReporter -->
<testsuite hostname="jim-PC" name="com.dropbox.DeleteFolder" tests="1" failures="0" timestamp="14 Apr 2016 20:02:28 GMT" time="18.239" errors="0">
  <testcase name="main" time="18.239" classname="com.dropbox.DeleteFolder"/>
</testsuite> <!-- com.dropbox.DeleteFolder -->
