<?xml version="1.0" encoding="UTF-8"?>
<!-- Generated by org.testng.reporters.JUnitReportReporter -->
<testsuite hostname="jim-PC" name="gr.insomnia.TestNg1" tests="1" failures="0" timestamp="19 Mar 2016 23:34:13 GMT" time="19.653" errors="0">
  <testcase name="main" time="19.653" classname="gr.insomnia.TestNg1"/>
</testsuite> <!-- gr.insomnia.TestNg1 -->
