<?xml version="1.0" encoding="UTF-8"?>
<!-- Generated by org.testng.reporters.JUnitReportReporter -->
<testsuite hostname="jim-PC" name="com.dropbox.ShowHideDeletedFiles" tests="1" failures="0" timestamp="14 Apr 2016 20:35:36 GMT" time="31.632" errors="0">
  <testcase name="main" time="31.632" classname="com.dropbox.ShowHideDeletedFiles"/>
</testsuite> <!-- com.dropbox.ShowHideDeletedFiles -->
