<?xml version="1.0" encoding="UTF-8"?>
<!-- Generated by org.testng.reporters.JUnitReportReporter -->
<testsuite hostname="jim-PC" name="com.dropbox.CreateFolder" tests="1" failures="0" timestamp="14 Apr 2016 19:29:50 GMT" time="16.386" errors="0">
  <testcase name="main" time="16.386" classname="com.dropbox.CreateFolder"/>
</testsuite> <!-- com.dropbox.CreateFolder -->
