<?xml version="1.0" encoding="UTF-8"?>
<!-- Generated by org.testng.reporters.JUnitReportReporter -->
<testsuite hostname="jim-PC" name="com.dropbox.UploadFile" tests="1" failures="0" timestamp="14 Apr 2016 19:47:15 GMT" time="26.551" errors="0">
  <testcase name="main" time="26.551" classname="com.dropbox.UploadFile"/>
</testsuite> <!-- com.dropbox.UploadFile -->
