<?xml version="1.0" encoding="UTF-8"?>
<!-- Generated by org.testng.reporters.JUnitReportReporter -->
<testsuite hostname="jim-PC" name="com.dropbox.Login_Logout_Test" tests="1" failures="0" timestamp="14 Apr 2016 18:41:09 GMT" time="12.056" errors="0">
  <testcase name="main" time="12.056" classname="com.dropbox.Login_Logout_Test"/>
</testsuite> <!-- com.dropbox.Login_Logout_Test -->
