<?xml version="1.0" encoding="UTF-8"?>
<!-- Generated by org.testng.reporters.JUnitReportReporter -->
<testsuite hostname="jim-PC" name="com.dropbox.LoginLogoutTest" tests="1" failures="0" timestamp="17 Apr 2016 21:24:39 GMT" time="19.881" errors="0">
  <testcase name="main" time="19.881" classname="com.dropbox.LoginLogoutTest"/>
</testsuite> <!-- com.dropbox.LoginLogoutTest -->
