<?xml version="1.0" encoding="UTF-8"?>
<!-- Generated by org.testng.reporters.JUnitReportReporter -->
<testsuite hostname="jim-PC" name="gr.insomnia.InsomniaTest" tests="1" failures="0" timestamp="22 Mar 2016 14:16:35 GMT" time="14.393" errors="0">
  <testcase name="main" time="14.393" classname="gr.insomnia.InsomniaTest"/>
</testsuite> <!-- gr.insomnia.InsomniaTest -->
